YoungMale-Brain-NoStim-3_S2	# reads with at least one reported alignment: 3982091 (17.57%)
AgedMaleSpleenPlusStim38_S5	# reads with at least one reported alignment: 3933835 (22.84%)
AgedMale-Brain-NoStim-12_S11	# reads with at least one reported alignment: 5005896 (22.82%)
AgedFemaleBrainPlusStim26_S1	# reads with at least one reported alignment: 1381063 (6.46%)
AgedMale-Brain-NoStim-10_S9	# reads with at least one reported alignment: 4636978 (21.06%)
AgedMale-Brain-NoStim-11_S10	# reads with at least one reported alignment: 4089884 (20.52%)
AgedMaleSpleenNoStim31_S7	# reads with at least one reported alignment: 4425080 (26.52%)
AgedMale-Brain-NoStim-8_S7	# reads with at least one reported alignment: 2397992 (12.01%)
AgedMaleSpleenPlusStim40_S11	# reads with at least one reported alignment: 5102696 (19.13%)
AgedMale-Brain-NoStim-7_S6	# reads with at least one reported alignment: 5515458 (24.26%)
AgedFemale-Brain-NoStim-15_S6	# reads with at least one reported alignment: 1868619 (8.60%)
AgedMale-Brain-PlusStim-21_S7	# reads with at least one reported alignment: 955413 (4.23%)
AgedMale-Brain-PlusStim-19_S4	# reads with at least one reported alignment: 1689169 (4.48%)
AgedFemale-Brain-PlusStim-23_S11	# reads with at least one reported alignment: 1249394 (4.33%)
AgedFemale-Brain-PlusStim-25_S5	# reads with at least one reported alignment: 2008351 (6.60%)
YoungMale-Brain-NoStim-2_S1	# reads with at least one reported alignment: 4116284 (18.15%)
AgedMaleSpleenPlusStim36_S2	# reads with at least one reported alignment: 4498850 (24.98%)
AgedMaleSpleenNoStim30_S10	# reads with at least one reported alignment: 4512806 (27.09%)
AgedFemaleBrainPlusStim27_S8	# reads with at least one reported alignment: 718684 (3.40%)
YoungMale-Brain-NoStim-4_S3	# reads with at least one reported alignment: 3580233 (19.17%)
AgedFemale-Brain-NoStim-13_S10	# reads with at least one reported alignment: 3548733 (26.66%)
AgedMale-Brain-PlusStim-22_S2	# reads with at least one reported alignment: 467333 (1.98%)
AgedMale-Brain-PlusStim-20_S3	# reads with at least one reported alignment: 624917 (2.47%)
AgedFemale-Brain-PlusStim-24_S9	# reads with at least one reported alignment: 1356454 (5.98%)
AgedFemale-Brain-NoStim-16_S12	# reads with at least one reported alignment: 3040519 (16.33%)
YoungMale-Brain-NoStim-6_S5	# reads with at least one reported alignment: 3336282 (15.43%)
AgedMale-Brain-NoStim-9_S8	# reads with at least one reported alignment: 3327717 (18.13%)
AgedMaleSpleenPlusStim39_S9	# reads with at least one reported alignment: 3156074 (22.24%)
AgedFemale-Brain-NoStim-17_S8	# reads with at least one reported alignment: 3674467 (18.79%)
AgedMaleSpleenNoStim32_S12	# reads with at least one reported alignment: 4888387 (26.93%)
AgedFemale-Brain-NoStim-14_S1	# reads with at least one reported alignment: 4215341 (17.92%)
AgedMaleSpleenNoStim33_S3	# reads with at least one reported alignment: 6937034 (28.82%)
AgedMaleSpleenPlusStim37_S6	# reads with at least one reported alignment: 4495781 (22.34%)
YoungMale-Brain-NoStim-5_S4	# reads with at least one reported alignment: 3730693 (18.99%)
AgedMaleSpleenNoStim34_S4	# reads with at least one reported alignment: 3997245 (26.58%)
