AgedMale-Brain-NoStim-7_S6
TrimmomaticPE: Started with arguments:
 -threads 10 -phred33 /home/xulong/local/basespace/merged//AgedMale-Brain-NoStim-7_S6_R1.fastq.gz /home/xulong/local/basespace/merged//AgedMale-Brain-NoStim-7_S6_R2.fastq.gz /home/xulong/local/basespace/trimmed//AgedMale-Brain-NoStim-7_S6_R1.fastq /home/xulong/local/basespace/trimmed//AgedMale-Brain-NoStim-7_S6_unpaired_R1.fastq /home/xulong/local/basespace/trimmed//AgedMale-Brain-NoStim-7_S6_R2.fastq /home/xulong/local/basespace/trimmed//AgedMale-Brain-NoStim-7_S6_unpaired_R2.fastq LEADING:20 TRAILING:20 SLIDINGWINDOW:4:15 MINLEN:50 HEADCROP:3
Input Read Pairs: 48539403 Both Surviving: 40964709 (84.39%) Forward Only Surviving: 5661626 (11.66%) Reverse Only Surviving: 854958 (1.76%) Dropped: 1058110 (2.18%)
TrimmomaticPE: Completed successfully
AgedMale-Brain-NoStim-12_S11
TrimmomaticPE: Started with arguments:
 -threads 10 -phred33 /home/xulong/local/basespace/merged//AgedMale-Brain-NoStim-12_S11_R1.fastq.gz /home/xulong/local/basespace/merged//AgedMale-Brain-NoStim-12_S11_R2.fastq.gz /home/xulong/local/basespace/trimmed//AgedMale-Brain-NoStim-12_S11_R1.fastq /home/xulong/local/basespace/trimmed//AgedMale-Brain-NoStim-12_S11_unpaired_R1.fastq /home/xulong/local/basespace/trimmed//AgedMale-Brain-NoStim-12_S11_R2.fastq /home/xulong/local/basespace/trimmed//AgedMale-Brain-NoStim-12_S11_unpaired_R2.fastq LEADING:20 TRAILING:20 SLIDINGWINDOW:4:15 MINLEN:50 HEADCROP:3
Input Read Pairs: 41673945 Both Surviving: 35626880 (85.49%) Forward Only Surviving: 3718522 (8.92%) Reverse Only Surviving: 846398 (2.03%) Dropped: 1482145 (3.56%)
TrimmomaticPE: Completed successfully
YoungMale-Brain-NoStim-4_S3
TrimmomaticPE: Started with arguments:
 -threads 10 -phred33 /home/xulong/local/basespace/merged//YoungMale-Brain-NoStim-4_S3_R1.fastq.gz /home/xulong/local/basespace/merged//YoungMale-Brain-NoStim-4_S3_R2.fastq.gz /home/xulong/local/basespace/trimmed//YoungMale-Brain-NoStim-4_S3_R1.fastq /home/xulong/local/basespace/trimmed//YoungMale-Brain-NoStim-4_S3_unpaired_R1.fastq /home/xulong/local/basespace/trimmed//YoungMale-Brain-NoStim-4_S3_R2.fastq /home/xulong/local/basespace/trimmed//YoungMale-Brain-NoStim-4_S3_unpaired_R2.fastq LEADING:20 TRAILING:20 SLIDINGWINDOW:4:15 MINLEN:50 HEADCROP:3
Input Read Pairs: 31371528 Both Surviving: 25879349 (82.49%) Forward Only Surviving: 2854340 (9.10%) Reverse Only Surviving: 653092 (2.08%) Dropped: 1984747 (6.33%)
TrimmomaticPE: Completed successfully
YoungMale-Brain-NoStim-6_S5
TrimmomaticPE: Started with arguments:
 -threads 10 -phred33 /home/xulong/local/basespace/merged//YoungMale-Brain-NoStim-6_S5_R1.fastq.gz /home/xulong/local/basespace/merged//YoungMale-Brain-NoStim-6_S5_R2.fastq.gz /home/xulong/local/basespace/trimmed//YoungMale-Brain-NoStim-6_S5_R1.fastq /home/xulong/local/basespace/trimmed//YoungMale-Brain-NoStim-6_S5_unpaired_R1.fastq /home/xulong/local/basespace/trimmed//YoungMale-Brain-NoStim-6_S5_R2.fastq /home/xulong/local/basespace/trimmed//YoungMale-Brain-NoStim-6_S5_unpaired_R2.fastq LEADING:20 TRAILING:20 SLIDINGWINDOW:4:15 MINLEN:50 HEADCROP:3
Input Read Pairs: 34131216 Both Surviving: 28712927 (84.13%) Forward Only Surviving: 2994963 (8.77%) Reverse Only Surviving: 660533 (1.94%) Dropped: 1762793 (5.16%)
TrimmomaticPE: Completed successfully
YoungMale-Brain-NoStim-5_S4
TrimmomaticPE: Started with arguments:
 -threads 10 -phred33 /home/xulong/local/basespace/merged//YoungMale-Brain-NoStim-5_S4_R1.fastq.gz /home/xulong/local/basespace/merged//YoungMale-Brain-NoStim-5_S4_R2.fastq.gz /home/xulong/local/basespace/trimmed//YoungMale-Brain-NoStim-5_S4_R1.fastq /home/xulong/local/basespace/trimmed//YoungMale-Brain-NoStim-5_S4_unpaired_R1.fastq /home/xulong/local/basespace/trimmed//YoungMale-Brain-NoStim-5_S4_R2.fastq /home/xulong/local/basespace/trimmed//YoungMale-Brain-NoStim-5_S4_unpaired_R2.fastq LEADING:20 TRAILING:20 SLIDINGWINDOW:4:15 MINLEN:50 HEADCROP:3
Input Read Pairs: 30243468 Both Surviving: 25091997 (82.97%) Forward Only Surviving: 3371310 (11.15%) Reverse Only Surviving: 566927 (1.87%) Dropped: 1213234 (4.01%)
TrimmomaticPE: Completed successfully
AgedMale-Brain-NoStim-10_S9
TrimmomaticPE: Started with arguments:
 -threads 10 -phred33 /home/xulong/local/basespace/merged//AgedMale-Brain-NoStim-10_S9_R1.fastq.gz /home/xulong/local/basespace/merged//AgedMale-Brain-NoStim-10_S9_R2.fastq.gz /home/xulong/local/basespace/trimmed//AgedMale-Brain-NoStim-10_S9_R1.fastq /home/xulong/local/basespace/trimmed//AgedMale-Brain-NoStim-10_S9_unpaired_R1.fastq /home/xulong/local/basespace/trimmed//AgedMale-Brain-NoStim-10_S9_R2.fastq /home/xulong/local/basespace/trimmed//AgedMale-Brain-NoStim-10_S9_unpaired_R2.fastq LEADING:20 TRAILING:20 SLIDINGWINDOW:4:15 MINLEN:50 HEADCROP:3
Input Read Pairs: 39710938 Both Surviving: 34422379 (86.68%) Forward Only Surviving: 3455961 (8.70%) Reverse Only Surviving: 764677 (1.93%) Dropped: 1067921 (2.69%)
TrimmomaticPE: Completed successfully
AgedMale-Brain-NoStim-8_S7
TrimmomaticPE: Started with arguments:
 -threads 10 -phred33 /home/xulong/local/basespace/merged//AgedMale-Brain-NoStim-8_S7_R1.fastq.gz /home/xulong/local/basespace/merged//AgedMale-Brain-NoStim-8_S7_R2.fastq.gz /home/xulong/local/basespace/trimmed//AgedMale-Brain-NoStim-8_S7_R1.fastq /home/xulong/local/basespace/trimmed//AgedMale-Brain-NoStim-8_S7_unpaired_R1.fastq /home/xulong/local/basespace/trimmed//AgedMale-Brain-NoStim-8_S7_R2.fastq /home/xulong/local/basespace/trimmed//AgedMale-Brain-NoStim-8_S7_unpaired_R2.fastq LEADING:20 TRAILING:20 SLIDINGWINDOW:4:15 MINLEN:50 HEADCROP:3
Input Read Pairs: 29802036 Both Surviving: 25913163 (86.95%) Forward Only Surviving: 2538193 (8.52%) Reverse Only Surviving: 544384 (1.83%) Dropped: 806296 (2.71%)
TrimmomaticPE: Completed successfully
AgedMale-Brain-NoStim-9_S8
TrimmomaticPE: Started with arguments:
 -threads 10 -phred33 /home/xulong/local/basespace/merged//AgedMale-Brain-NoStim-9_S8_R1.fastq.gz /home/xulong/local/basespace/merged//AgedMale-Brain-NoStim-9_S8_R2.fastq.gz /home/xulong/local/basespace/trimmed//AgedMale-Brain-NoStim-9_S8_R1.fastq /home/xulong/local/basespace/trimmed//AgedMale-Brain-NoStim-9_S8_unpaired_R1.fastq /home/xulong/local/basespace/trimmed//AgedMale-Brain-NoStim-9_S8_R2.fastq /home/xulong/local/basespace/trimmed//AgedMale-Brain-NoStim-9_S8_unpaired_R2.fastq LEADING:20 TRAILING:20 SLIDINGWINDOW:4:15 MINLEN:50 HEADCROP:3
Input Read Pairs: 36845760 Both Surviving: 30936071 (83.96%) Forward Only Surviving: 4153709 (11.27%) Reverse Only Surviving: 652240 (1.77%) Dropped: 1103740 (3.00%)
TrimmomaticPE: Completed successfully
YoungMale-Brain-NoStim-3_S2
TrimmomaticPE: Started with arguments:
 -threads 10 -phred33 /home/xulong/local/basespace/merged//YoungMale-Brain-NoStim-3_S2_R1.fastq.gz /home/xulong/local/basespace/merged//YoungMale-Brain-NoStim-3_S2_R2.fastq.gz /home/xulong/local/basespace/trimmed//YoungMale-Brain-NoStim-3_S2_R1.fastq /home/xulong/local/basespace/trimmed//YoungMale-Brain-NoStim-3_S2_unpaired_R1.fastq /home/xulong/local/basespace/trimmed//YoungMale-Brain-NoStim-3_S2_R2.fastq /home/xulong/local/basespace/trimmed//YoungMale-Brain-NoStim-3_S2_unpaired_R2.fastq LEADING:20 TRAILING:20 SLIDINGWINDOW:4:15 MINLEN:50 HEADCROP:3
Input Read Pairs: 36926781 Both Surviving: 31954700 (86.54%) Forward Only Surviving: 3283489 (8.89%) Reverse Only Surviving: 668947 (1.81%) Dropped: 1019645 (2.76%)
TrimmomaticPE: Completed successfully
YoungMale-Brain-NoStim-2_S1
TrimmomaticPE: Started with arguments:
 -threads 10 -phred33 /home/xulong/local/basespace/merged//YoungMale-Brain-NoStim-2_S1_R1.fastq.gz /home/xulong/local/basespace/merged//YoungMale-Brain-NoStim-2_S1_R2.fastq.gz /home/xulong/local/basespace/trimmed//YoungMale-Brain-NoStim-2_S1_R1.fastq /home/xulong/local/basespace/trimmed//YoungMale-Brain-NoStim-2_S1_unpaired_R1.fastq /home/xulong/local/basespace/trimmed//YoungMale-Brain-NoStim-2_S1_R2.fastq /home/xulong/local/basespace/trimmed//YoungMale-Brain-NoStim-2_S1_unpaired_R2.fastq LEADING:20 TRAILING:20 SLIDINGWINDOW:4:15 MINLEN:50 HEADCROP:3
Input Read Pairs: 37875145 Both Surviving: 31385278 (82.87%) Forward Only Surviving: 3609475 (9.53%) Reverse Only Surviving: 719444 (1.90%) Dropped: 2160948 (5.71%)
TrimmomaticPE: Completed successfully
AgedMale-Brain-NoStim-11_S10
TrimmomaticPE: Started with arguments:
 -threads 10 -phred33 /home/xulong/local/basespace/merged//AgedMale-Brain-NoStim-11_S10_R1.fastq.gz /home/xulong/local/basespace/merged//AgedMale-Brain-NoStim-11_S10_R2.fastq.gz /home/xulong/local/basespace/trimmed//AgedMale-Brain-NoStim-11_S10_R1.fastq /home/xulong/local/basespace/trimmed//AgedMale-Brain-NoStim-11_S10_unpaired_R1.fastq /home/xulong/local/basespace/trimmed//AgedMale-Brain-NoStim-11_S10_R2.fastq /home/xulong/local/basespace/trimmed//AgedMale-Brain-NoStim-11_S10_unpaired_R2.fastq LEADING:20 TRAILING:20 SLIDINGWINDOW:4:15 MINLEN:50 HEADCROP:3
Input Read Pairs: 40294946 Both Surviving: 34186555 (84.84%) Forward Only Surviving: 4282564 (10.63%) Reverse Only Surviving: 750049 (1.86%) Dropped: 1075778 (2.67%)
TrimmomaticPE: Completed successfully
