/data/xwang/Basespace/McCullough_Ritzel_myeloid_set2_grh/AgedFemale-Microglia-1_S17_LaneALL_R1_ALL.fastq		17241956
/data/xwang/Basespace/McCullough_Ritzel_myeloid_set2_grh/YoungMale-Macrophage-2_S6_LaneALL_R1_ALL.fastq		20332264
/data/xwang/Basespace/McCullough_Ritzel_myeloid_set2_grh/YoungMale-Macrophage-1_S19_LaneALL_R1_ALL.fastq		20802504
/data/xwang/Basespace/McCullough_Ritzel_myeloid_set2_grh/AgedFemale-Microglia-6_S16_LaneALL_R1_ALL.fastq		14185032
/data/xwang/Basespace/McCullough_Ritzel_myeloid_set2_grh/AgedMale-Microglia-4_S14_LaneALL_R1_ALL.fastq		19836840
/data/xwang/Basespace/McCullough_Ritzel_myeloid_set2_grh/AgedMale-Microglia-3_S15_LaneALL_R1_ALL.fastq		19436264
/data/xwang/Basespace/McCullough_Ritzel_myeloid_set2_grh/YoungMale-Macrophage-4_S11_LaneALL_R1_ALL.fastq		25702296
/data/xwang/Basespace/McCullough_Ritzel_myeloid_set2_grh/AgedFemale-Microglia-3_S13_LaneALL_R1_ALL.fastq		19063864
/data/xwang/Basespace/McCullough_Ritzel_myeloid_set2_grh/YoungMale-Microglia-1_S8_LaneALL_R1_ALL.fastq		16285488
/data/xwang/Basespace/McCullough_Ritzel_myeloid_set2_grh/AgedFemale-Microglia-5_S5_LaneALL_R1_ALL.fastq		22023036
/data/xwang/Basespace/McCullough_Ritzel_myeloid_set2_grh/AgedMale-Microglia-5_S2_LaneALL_R1_ALL.fastq		29258148
/data/xwang/Basespace/McCullough_Ritzel_myeloid_set2_grh/AgedMale-Microglia-6_S18_LaneALL_R1_ALL.fastq		28787536
/data/xwang/Basespace/McCullough_Ritzel_myeloid_set2_grh/AgedFemale-Microglia-4_S4_LaneALL_R1_ALL.fastq		24089588
/data/xwang/Basespace/McCullough_Ritzel_myeloid_set2_grh/YoungMale-Microglia-2_S12_LaneALL_R1_ALL.fastq		18983956
/data/xwang/Basespace/McCullough_Ritzel_myeloid_set2_grh/AgedFemale-Microglia-2_S9_LaneALL_R1_ALL.fastq		16896764
/data/xwang/Basespace/McCullough_Ritzel_myeloid_set2_grh/YoungMale-Microglia-3_S1_LaneALL_R1_ALL.fastq		15355644
/data/xwang/Basespace/McCullough_Ritzel_myeloid_set2_grh/YoungMale-Microglia-4_S3_LaneALL_R1_ALL.fastq		22940596
/data/xwang/Basespace/McCullough_Ritzel_myeloid_set2_grh/YoungMale-Macrophage-3_S7_LaneALL_R1_ALL.fastq		26675324
/data/xwang/Basespace/McCullough_Ritzel_myeloid_set2_grh/AgedMale-Microglia-1_S20_LaneALL_R1_ALL.fastq		24652748
/data/xwang/Basespace/McCullough_Ritzel_myeloid_set2_grh/AgedMale-Microglia-2_S10_LaneALL_R1_ALL.fastq		21626804
