/data/xwang/Basespace/McCullough_Ritzel_myeloid_set1_grh/AgedFemale-Microglia-1_S17_LaneALL_R1_ALL.fastq	43873860
/data/xwang/Basespace/McCullough_Ritzel_myeloid_set1_grh/YoungMale-Macrophage-2_S6_LaneALL_R1_ALL.fastq	52651552
/data/xwang/Basespace/McCullough_Ritzel_myeloid_set1_grh/YoungMale-Macrophage-1_S19_LaneALL_R1_ALL.fastq	53485512
/data/xwang/Basespace/McCullough_Ritzel_myeloid_set1_grh/AgedFemale-Microglia-6_S16_LaneALL_R1_ALL.fastq	37741744
/data/xwang/Basespace/McCullough_Ritzel_myeloid_set1_grh/AgedMale-Microglia-4_S14_LaneALL_R1_ALL.fastq	49983456
/data/xwang/Basespace/McCullough_Ritzel_myeloid_set1_grh/AgedMale-Microglia-3_S15_LaneALL_R1_ALL.fastq	49618060
/data/xwang/Basespace/McCullough_Ritzel_myeloid_set1_grh/YoungMale-Macrophage-4_S11_LaneALL_R1_ALL.fastq	68500740
/data/xwang/Basespace/McCullough_Ritzel_myeloid_set1_grh/AgedFemale-Microglia-3_S13_LaneALL_R1_ALL.fastq	51855284
/data/xwang/Basespace/McCullough_Ritzel_myeloid_set1_grh/YoungMale-Microglia-1_S8_LaneALL_R1_ALL.fastq	43967760
/data/xwang/Basespace/McCullough_Ritzel_myeloid_set1_grh/AgedFemale-Microglia-5_S5_LaneALL_R1_ALL.fastq	57094456
/data/xwang/Basespace/McCullough_Ritzel_myeloid_set1_grh/AgedMale-Microglia-5_S2_LaneALL_R1_ALL.fastq	74099548
/data/xwang/Basespace/McCullough_Ritzel_myeloid_set1_grh/AgedMale-Microglia-6_S18_LaneALL_R1_ALL.fastq	73670176
/data/xwang/Basespace/McCullough_Ritzel_myeloid_set1_grh/AgedFemale-Microglia-4_S4_LaneALL_R1_ALL.fastq	63282688
/data/xwang/Basespace/McCullough_Ritzel_myeloid_set1_grh/YoungMale-Microglia-2_S12_LaneALL_R1_ALL.fastq	49851472
/data/xwang/Basespace/McCullough_Ritzel_myeloid_set1_grh/AgedFemale-Microglia-2_S9_LaneALL_R1_ALL.fastq	43755432
/data/xwang/Basespace/McCullough_Ritzel_myeloid_set1_grh/YoungMale-Microglia-3_S1_LaneALL_R1_ALL.fastq	40482752
/data/xwang/Basespace/McCullough_Ritzel_myeloid_set1_grh/YoungMale-Microglia-4_S3_LaneALL_R1_ALL.fastq	59258744
/data/xwang/Basespace/McCullough_Ritzel_myeloid_set1_grh/YoungMale-Macrophage-3_S7_LaneALL_R1_ALL.fastq	67457240
/data/xwang/Basespace/McCullough_Ritzel_myeloid_set1_grh/AgedMale-Microglia-1_S20_LaneALL_R1_ALL.fastq	64645612
/data/xwang/Basespace/McCullough_Ritzel_myeloid_set1_grh/AgedMale-Microglia-2_S10_LaneALL_R1_ALL.fastq	57431324
