/data/xwang/Basespace/McCullough_Ritzel_Tcells_Runs1-3_grh/YoungMale-Brain-NoStim-6_S5_LaneALL_R1_ALL.fastq		101311832
/data/xwang/Basespace/McCullough_Ritzel_Tcells_Runs1-3_grh/AgedMale-Brain-NoStim-7_S6_LaneALL_R1_ALL.fastq		102025880
/data/xwang/Basespace/McCullough_Ritzel_Tcells_Runs1-3_grh/YoungMale-Brain-NoStim-5_S4_LaneALL_R1_ALL.fastq		90351568
/data/xwang/Basespace/McCullough_Ritzel_Tcells_Runs1-3_grh/AgedFemale-Brain-NoStim-15_S6_LaneALL_R1_ALL.fastq		104384652
/data/xwang/Basespace/McCullough_Ritzel_Tcells_Runs1-3_grh/AgedFemale-Brain-PlusStim-25_S5_LaneALL_R1_ALL.fastq		149456040
/data/xwang/Basespace/McCullough_Ritzel_Tcells_Runs1-3_grh/AgedMale-Brain-NoStim-10_S9_LaneALL_R1_ALL.fastq		98427936
/data/xwang/Basespace/McCullough_Ritzel_Tcells_Runs1-3_grh/AgedMaleSpleenNoStim33_S3_LaneALL_R1_ALL.fastq		122061684
/data/xwang/Basespace/McCullough_Ritzel_Tcells_Runs1-3_grh/YoungMale-Brain-NoStim-3_S2_LaneALL_R1_ALL.fastq		101128240
/data/xwang/Basespace/McCullough_Ritzel_Tcells_Runs1-3_grh/AgedMale-Brain-PlusStim-19_S4_LaneALL_R1_ALL.fastq		197689868
/data/xwang/Basespace/McCullough_Ritzel_Tcells_Runs1-3_grh/AgedMaleSpleenPlusStim39_S9_LaneALL_R1_ALL.fastq		90355560
/data/xwang/Basespace/McCullough_Ritzel_Tcells_Runs1-3_grh/AgedMaleSpleenPlusStim36_S2_LaneALL_R1_ALL.fastq		92570796
/data/xwang/Basespace/McCullough_Ritzel_Tcells_Runs1-3_grh/AgedMaleSpleenNoStim34_S4_LaneALL_R1_ALL.fastq		81055924
/data/xwang/Basespace/McCullough_Ritzel_Tcells_Runs1-3_grh/AgedFemale-Brain-NoStim-13_S10_LaneALL_R1_ALL.fastq		67718084
/data/xwang/Basespace/McCullough_Ritzel_Tcells_Runs1-3_grh/AgedFemale-Brain-PlusStim-23_S11_LaneALL_R1_ALL.fastq		141757908
/data/xwang/Basespace/McCullough_Ritzel_Tcells_Runs1-3_grh/AgedFemale-Brain-NoStim-17_S8_LaneALL_R1_ALL.fastq		99274220
/data/xwang/Basespace/McCullough_Ritzel_Tcells_Runs1-3_grh/AgedMale-Brain-NoStim-12_S11_LaneALL_R1_ALL.fastq		100723796
/data/xwang/Basespace/McCullough_Ritzel_Tcells_Runs1-3_grh/AgedMaleSpleenPlusStim37_S6_LaneALL_R1_ALL.fastq		114861644
/data/xwang/Basespace/McCullough_Ritzel_Tcells_Runs1-3_grh/YoungMale-Brain-NoStim-2_S1_LaneALL_R1_ALL.fastq		107329500
/data/xwang/Basespace/McCullough_Ritzel_Tcells_Runs1-3_grh/AgedMale-Brain-NoStim-8_S7_LaneALL_R1_ALL.fastq		88223036
/data/xwang/Basespace/McCullough_Ritzel_Tcells_Runs1-3_grh/AgedFemale-Brain-NoStim-16_S12_LaneALL_R1_ALL.fastq		90225936
/data/xwang/Basespace/McCullough_Ritzel_Tcells_Runs1-3_grh/AgedMale-Brain-PlusStim-22_S2_LaneALL_R1_ALL.fastq		128757260
/data/xwang/Basespace/McCullough_Ritzel_Tcells_Runs1-3_grh/AgedMale-Brain-NoStim-11_S10_LaneALL_R1_ALL.fastq		89726084
/data/xwang/Basespace/McCullough_Ritzel_Tcells_Runs1-3_grh/YoungMale-Brain-NoStim-4_S3_LaneALL_R1_ALL.fastq		90203360
/data/xwang/Basespace/McCullough_Ritzel_Tcells_Runs1-3_grh/AgedMale-Brain-NoStim-9_S8_LaneALL_R1_ALL.fastq		83443580
/data/xwang/Basespace/McCullough_Ritzel_Tcells_Runs1-3_grh/AgedMaleSpleenNoStim31_S7_LaneALL_R1_ALL.fastq		83801908
/data/xwang/Basespace/McCullough_Ritzel_Tcells_Runs1-3_grh/AgedFemale-Brain-PlusStim-24_S9_LaneALL_R1_ALL.fastq		122759732
/data/xwang/Basespace/McCullough_Ritzel_Tcells_Runs1-3_grh/AgedMale-Brain-PlusStim-20_S3_LaneALL_R1_ALL.fastq		145050588
/data/xwang/Basespace/McCullough_Ritzel_Tcells_Runs1-3_grh/AgedMaleSpleenNoStim30_S10_LaneALL_R1_ALL.fastq		90570904
/data/xwang/Basespace/McCullough_Ritzel_Tcells_Runs1-3_grh/AgedMale-Brain-PlusStim-21_S7_LaneALL_R1_ALL.fastq		110690276
/data/xwang/Basespace/McCullough_Ritzel_Tcells_Runs1-3_grh/AgedMaleSpleenPlusStim40_S11_LaneALL_R1_ALL.fastq		148699644
/data/xwang/Basespace/McCullough_Ritzel_Tcells_Runs1-3_grh/AgedMaleSpleenPlusStim38_S5_LaneALL_R1_ALL.fastq		92796876
/data/xwang/Basespace/McCullough_Ritzel_Tcells_Runs1-3_grh/AgedFemale-Brain-NoStim-14_S1_LaneALL_R1_ALL.fastq		117864828
/data/xwang/Basespace/McCullough_Ritzel_Tcells_Runs1-3_grh/AgedMaleSpleenNoStim32_S12_LaneALL_R1_ALL.fastq		95273840
/data/xwang/Basespace/McCullough_Ritzel_Tcells_Runs1-3_grh/AgedFemaleBrainPlusStim27_S8_LaneALL_R1_ALL.fastq		113113544
/data/xwang/Basespace/McCullough_Ritzel_Tcells_Runs1-3_grh/AgedFemaleBrainPlusStim26_S1_LaneALL_R1_ALL.fastq		121858080
